<?xml version="1.0" encoding="utf-8"?><TestRun id="f13d8819-c603-4be9-aae5-21aa0b463956" name="JeffreyPalermo@DESKTOP-0BVK0EN 2018-10-19 18:28:11" runUser="AzureAD\JeffreyPalermo" xmlns="http://microsoft.com/schemas/VisualStudio/TeamTest/2010"><Times creation="2018-10-19T18:28:11.5308402-05:00" queuing="2018-10-19T18:28:11.5308402-05:00" start="2018-10-19T18:28:10.6122193-05:00" finish="2018-10-19T18:28:11.5402600-05:00" /><TestSettings name="default" id="a7809660-1625-449c-aad7-2e4eb0366fbe"><Deployment runDeploymentRoot="JeffreyPalermo_DESKTOP-0BVK0EN_2018-10-19_18_28_11" /></TestSettings><Results><UnitTestResult executionId="0b721ac5-f81a-409b-af31-62c0287d9a2f" testId="b02f79d4-63c0-4c78-a2e0-759b1f533d54" testName="ShouldCreateClass" computerName="DESKTOP-0BVK0EN" duration="00:00:00.0050000" startTime="2018-10-19T18:28:11.0000000-05:00" endTime="2018-10-19T18:28:11.0000000-05:00" testType="13cdc9d9-ddb5-4fa4-a97d-d965ccfc6d4b" outcome="Passed" testListId="8c84fa94-04c1-424b-9868-57a2d4851a1d" relativeResultsDirectory="0b721ac5-f81a-409b-af31-62c0287d9a2f" /></Results><TestDefinitions><UnitTest name="ShouldCreateClass" storage="r:\onion-devops-architecture\src\unittests\bin\debug\netcoreapp2.1\clearmeasure.oniondevopsarchitecture.unittests.dll" id="b02f79d4-63c0-4c78-a2e0-759b1f533d54"><Execution id="0b721ac5-f81a-409b-af31-62c0287d9a2f" /><TestMethod codeBase="R:\Onion-DevOps-Architecture\src\UnitTests\bin\Debug\netcoreapp2.1\ClearMeasure.OnionDevOpsArchitecture.UnitTests.dll" adapterTypeName="executor://nunit3testexecutor/" className="UnitTests.Class1Tests" name="ShouldCreateClass" /></UnitTest></TestDefinitions><TestEntries><TestEntry testId="b02f79d4-63c0-4c78-a2e0-759b1f533d54" executionId="0b721ac5-f81a-409b-af31-62c0287d9a2f" testListId="8c84fa94-04c1-424b-9868-57a2d4851a1d" /></TestEntries><TestLists><TestList name="Results Not in a List" id="8c84fa94-04c1-424b-9868-57a2d4851a1d" /><TestList name="All Loaded Results" id="19431567-8539-422a-85d7-44ee4e166bda" /></TestLists><ResultSummary outcome="Completed"><Counters total="1" executed="1" passed="1" failed="0" error="0" timeout="0" aborted="0" inconclusive="0" passedButRunAborted="0" notRunnable="0" notExecuted="0" disconnected="0" warning="0" completed="0" inProgress="0" pending="0" /><Output><StdOut>NUnit Adapter 3.10.0.21: Test execution startedRunning all tests in R:\Onion-DevOps-Architecture\src\UnitTests\bin\Debug\netcoreapp2.1\ClearMeasure.OnionDevOpsArchitecture.UnitTests.dllNUnit3TestExecutor converted 1 of 1 NUnit test casesNUnit Adapter 3.10.0.21: Test execution complete</StdOut></Output></ResultSummary></TestRun>