<?xml version="1.0" encoding="utf-8"?><TestRun id="3e105a85-dc4f-4e20-af43-49e6739dbf87" name="JeffreyPalermo@DESKTOP-0BVK0EN 2018-10-20 19:46:44" runUser="AzureAD\JeffreyPalermo" xmlns="http://microsoft.com/schemas/VisualStudio/TeamTest/2010"><Times creation="2018-10-20T19:46:44.1811093-05:00" queuing="2018-10-20T19:46:44.1811093-05:00" start="2018-10-20T19:46:43.4725285-05:00" finish="2018-10-20T19:46:44.1906557-05:00" /><TestSettings name="default" id="c4ab3c3a-5c20-412e-a7f0-48676d9abc2d"><Deployment runDeploymentRoot="JeffreyPalermo_DESKTOP-0BVK0EN_2018-10-20_19_46_44" /></TestSettings><Results><UnitTestResult executionId="62d2ce72-fcc4-46ed-ad69-ef392aa32152" testId="1dbc1672-72d8-469e-9331-01e11caa1ec4" testName="ShouldCreateClass" computerName="DESKTOP-0BVK0EN" duration="00:00:00.0050000" startTime="2018-10-20T19:46:44.0000000-05:00" endTime="2018-10-20T19:46:44.0000000-05:00" testType="13cdc9d9-ddb5-4fa4-a97d-d965ccfc6d4b" outcome="Passed" testListId="8c84fa94-04c1-424b-9868-57a2d4851a1d" relativeResultsDirectory="62d2ce72-fcc4-46ed-ad69-ef392aa32152" /></Results><TestDefinitions><UnitTest name="ShouldCreateClass" storage="r:\onion-devops-architecture\src\unittests\bin\release\netcoreapp2.1\clearmeasure.oniondevopsarchitecture.unittests.dll" id="1dbc1672-72d8-469e-9331-01e11caa1ec4"><Execution id="62d2ce72-fcc4-46ed-ad69-ef392aa32152" /><TestMethod codeBase="R:\Onion-DevOps-Architecture\src\UnitTests\bin\Release\netcoreapp2.1\ClearMeasure.OnionDevOpsArchitecture.UnitTests.dll" adapterTypeName="executor://nunit3testexecutor/" className="UnitTests.Class1Tests" name="ShouldCreateClass" /></UnitTest></TestDefinitions><TestEntries><TestEntry testId="1dbc1672-72d8-469e-9331-01e11caa1ec4" executionId="62d2ce72-fcc4-46ed-ad69-ef392aa32152" testListId="8c84fa94-04c1-424b-9868-57a2d4851a1d" /></TestEntries><TestLists><TestList name="Results Not in a List" id="8c84fa94-04c1-424b-9868-57a2d4851a1d" /><TestList name="All Loaded Results" id="19431567-8539-422a-85d7-44ee4e166bda" /></TestLists><ResultSummary outcome="Completed"><Counters total="1" executed="1" passed="1" failed="0" error="0" timeout="0" aborted="0" inconclusive="0" passedButRunAborted="0" notRunnable="0" notExecuted="0" disconnected="0" warning="0" completed="0" inProgress="0" pending="0" /><Output><StdOut>NUnit Adapter 3.10.0.21: Test execution startedRunning all tests in R:\Onion-DevOps-Architecture\src\UnitTests\bin\Release\netcoreapp2.1\ClearMeasure.OnionDevOpsArchitecture.UnitTests.dllNUnit3TestExecutor converted 1 of 1 NUnit test casesNUnit Adapter 3.10.0.21: Test execution complete</StdOut></Output></ResultSummary></TestRun>