<?xml version="1.0" encoding="utf-8"?><TestRun id="9060beae-e046-4d75-8947-d1302b2b07ca" name="JeffreyPalermo@DESKTOP-0BVK0EN 2018-10-19 18:15:50" runUser="AzureAD\JeffreyPalermo" xmlns="http://microsoft.com/schemas/VisualStudio/TeamTest/2010"><Times creation="2018-10-19T18:15:50.9343621-05:00" queuing="2018-10-19T18:15:50.9343621-05:00" start="2018-10-19T18:15:50.2547514-05:00" finish="2018-10-19T18:15:50.9439413-05:00" /><TestSettings name="default" id="597a0654-dfee-48bb-a992-048cdfd7dc92"><Deployment runDeploymentRoot="JeffreyPalermo_DESKTOP-0BVK0EN_2018-10-19_18_15_50" /></TestSettings><Results><UnitTestResult executionId="c64ebf26-0bb6-49f8-80f0-925e5bea0812" testId="e910b700-047c-44ea-9e93-6985dc7e0d32" testName="ShouldCreateClass" computerName="DESKTOP-0BVK0EN" duration="00:00:00.0040000" startTime="2018-10-19T18:15:50.0000000-05:00" endTime="2018-10-19T18:15:50.0000000-05:00" testType="13cdc9d9-ddb5-4fa4-a97d-d965ccfc6d4b" outcome="Passed" testListId="8c84fa94-04c1-424b-9868-57a2d4851a1d" relativeResultsDirectory="c64ebf26-0bb6-49f8-80f0-925e5bea0812" /></Results><TestDefinitions><UnitTest name="ShouldCreateClass" storage="r:\onion-devops-architecture\src\unittests\bin\debug\netcoreapp2.1\clearmeasure.oniondevopsarchitecture.unittests.dll" id="e910b700-047c-44ea-9e93-6985dc7e0d32"><Execution id="c64ebf26-0bb6-49f8-80f0-925e5bea0812" /><TestMethod codeBase="R:\Onion-DevOps-Architecture\src\UnitTests\bin\Debug\netcoreapp2.1\ClearMeasure.OnionDevOpsArchitecture.UnitTests.dll" adapterTypeName="executor://nunit3testexecutor/" className="UnitTests.Class1Tests" name="ShouldCreateClass" /></UnitTest></TestDefinitions><TestEntries><TestEntry testId="e910b700-047c-44ea-9e93-6985dc7e0d32" executionId="c64ebf26-0bb6-49f8-80f0-925e5bea0812" testListId="8c84fa94-04c1-424b-9868-57a2d4851a1d" /></TestEntries><TestLists><TestList name="Results Not in a List" id="8c84fa94-04c1-424b-9868-57a2d4851a1d" /><TestList name="All Loaded Results" id="19431567-8539-422a-85d7-44ee4e166bda" /></TestLists><ResultSummary outcome="Completed"><Counters total="1" executed="1" passed="1" failed="0" error="0" timeout="0" aborted="0" inconclusive="0" passedButRunAborted="0" notRunnable="0" notExecuted="0" disconnected="0" warning="0" completed="0" inProgress="0" pending="0" /><Output><StdOut>NUnit Adapter 3.10.0.21: Test execution startedRunning all tests in R:\Onion-DevOps-Architecture\src\UnitTests\bin\Debug\netcoreapp2.1\ClearMeasure.OnionDevOpsArchitecture.UnitTests.dllNUnit3TestExecutor converted 1 of 1 NUnit test casesNUnit Adapter 3.10.0.21: Test execution complete</StdOut></Output></ResultSummary></TestRun>