<?xml version="1.0" encoding="utf-8"?><TestRun id="2613c3fc-dbfa-476a-aaa8-3e98bf85576b" name="JeffreyPalermo@DESKTOP-0BVK0EN 2018-10-19 18:15:15" runUser="AzureAD\JeffreyPalermo" xmlns="http://microsoft.com/schemas/VisualStudio/TeamTest/2010"><Times creation="2018-10-19T18:15:15.6017769-05:00" queuing="2018-10-19T18:15:15.6017772-05:00" start="2018-10-19T18:15:14.9456399-05:00" finish="2018-10-19T18:15:15.6110842-05:00" /><TestSettings name="default" id="85fc7095-bd52-4f94-b570-5da28b8bd74c"><Deployment runDeploymentRoot="JeffreyPalermo_DESKTOP-0BVK0EN_2018-10-19_18_15_15" /></TestSettings><Results><UnitTestResult executionId="747a3de9-4413-4111-9697-145fa129663b" testId="55d5e844-91fa-40d4-bfcd-53ff934daa3a" testName="ShouldCreateClass" computerName="DESKTOP-0BVK0EN" duration="00:00:00.0040000" startTime="2018-10-19T18:15:15.0000000-05:00" endTime="2018-10-19T18:15:15.0000000-05:00" testType="13cdc9d9-ddb5-4fa4-a97d-d965ccfc6d4b" outcome="Passed" testListId="8c84fa94-04c1-424b-9868-57a2d4851a1d" relativeResultsDirectory="747a3de9-4413-4111-9697-145fa129663b" /></Results><TestDefinitions><UnitTest name="ShouldCreateClass" storage="r:\onion-devops-architecture\src\unittests\bin\debug\netcoreapp2.1\clearmeasure.oniondevopsarchitecture.unittests.dll" id="55d5e844-91fa-40d4-bfcd-53ff934daa3a"><Execution id="747a3de9-4413-4111-9697-145fa129663b" /><TestMethod codeBase="R:\Onion-DevOps-Architecture\src\UnitTests\bin\Debug\netcoreapp2.1\ClearMeasure.OnionDevOpsArchitecture.UnitTests.dll" adapterTypeName="executor://nunit3testexecutor/" className="UnitTests.Class1Tests" name="ShouldCreateClass" /></UnitTest></TestDefinitions><TestEntries><TestEntry testId="55d5e844-91fa-40d4-bfcd-53ff934daa3a" executionId="747a3de9-4413-4111-9697-145fa129663b" testListId="8c84fa94-04c1-424b-9868-57a2d4851a1d" /></TestEntries><TestLists><TestList name="Results Not in a List" id="8c84fa94-04c1-424b-9868-57a2d4851a1d" /><TestList name="All Loaded Results" id="19431567-8539-422a-85d7-44ee4e166bda" /></TestLists><ResultSummary outcome="Completed"><Counters total="1" executed="1" passed="1" failed="0" error="0" timeout="0" aborted="0" inconclusive="0" passedButRunAborted="0" notRunnable="0" notExecuted="0" disconnected="0" warning="0" completed="0" inProgress="0" pending="0" /><Output><StdOut>NUnit Adapter 3.10.0.21: Test execution startedRunning all tests in R:\Onion-DevOps-Architecture\src\UnitTests\bin\Debug\netcoreapp2.1\ClearMeasure.OnionDevOpsArchitecture.UnitTests.dllNUnit3TestExecutor converted 1 of 1 NUnit test casesNUnit Adapter 3.10.0.21: Test execution complete</StdOut></Output></ResultSummary></TestRun>